\BOOKMARK [1][-]{section.1}{\376\377\000A\000b\000s\000t\000r\000a\000c\000t}{}% 1
\BOOKMARK [1][-]{section.2}{\376\377\000I\000n\000t\000r\000o\000d\000u\000c\000t\000i\000o\000n}{}% 2
\BOOKMARK [1][-]{section.3}{\376\377\000L\000i\000t\000e\000r\000a\000t\000u\000r\000e\000\040\000R\000e\000v\000i\000e\000w}{}% 3
\BOOKMARK [2][-]{subsection.3.1}{\376\377\000E\000v\000o\000l\000u\000t\000i\000o\000n\000\040\000o\000f\000\040\000W\000e\000b\000\040\000T\000e\000c\000h\000n\000o\000l\000o\000g\000i\000e\000s}{section.3}% 4
\BOOKMARK [2][-]{subsection.3.2}{\376\377\000T\000h\000e\000\040\000R\000i\000s\000e\000\040\000o\000f\000\040\000S\000e\000r\000v\000e\000r\000-\000S\000i\000d\000e\000\040\000R\000e\000n\000d\000e\000r\000i\000n\000g\000\040\000\050\000S\000S\000R\000\051\000\040\000F\000r\000a\000m\000e\000w\000o\000r\000k\000s}{section.3}% 5
\BOOKMARK [2][-]{subsection.3.3}{\376\377\000R\000e\000v\000i\000e\000w\000\040\000o\000f\000\040\000K\000e\000y\000\040\000S\000S\000R\000\040\000F\000r\000a\000m\000e\000w\000o\000r\000k\000s}{section.3}% 6
\BOOKMARK [2][-]{subsection.3.4}{\376\377\000T\000h\000e\000\040\000M\000a\000r\000k\000e\000t\000\040\000L\000a\000n\000d\000s\000c\000a\000p\000e\000\040\000o\000f\000\040\000S\000S\000R\000\040\000F\000r\000a\000m\000e\000w\000o\000r\000k\000s}{section.3}% 7
\BOOKMARK [2][-]{subsection.3.5}{\376\377\000W\000h\000y\000\040\000M\000a\000r\000k\000e\000t\000\040\000M\000e\000t\000r\000i\000c\000s\000\040\000M\000a\000t\000t\000e\000r}{section.3}% 8
\BOOKMARK [2][-]{subsection.3.6}{\376\377\000E\000v\000o\000l\000u\000t\000i\000o\000n\000\040\000o\000f\000\040\000H\000o\000s\000t\000i\000n\000g\000\040\000S\000o\000l\000u\000t\000i\000o\000n\000s\000\040\000a\000n\000d\000\040\000T\000h\000e\000i\000r\000\040\000I\000m\000p\000a\000c\000t\000\040\000o\000n\000\040\000S\000S\000R}{section.3}% 9
\BOOKMARK [2][-]{subsection.3.7}{\376\377\000Z\000i\000r\000o\040\031\000s\000\040\000P\000o\000s\000i\000t\000i\000o\000n\000:\000\040\000A\000\040\000F\000o\000u\000n\000d\000a\000t\000i\000o\000n\000\040\000f\000o\000r\000\040\000M\000o\000d\000e\000r\000n\000\040\000W\000e\000b\000\040\000D\000e\000v\000e\000l\000o\000p\000m\000e\000n\000t}{section.3}% 10
\BOOKMARK [2][-]{subsection.3.8}{\376\377\000C\000o\000n\000c\000l\000u\000s\000i\000o\000n}{section.3}% 11
\BOOKMARK [1][-]{section.4}{\376\377\000M\000e\000t\000h\000o\000d\000o\000l\000o\000g\000y}{}% 12
\BOOKMARK [2][-]{subsection.4.1}{\376\377\000B\000u\000i\000l\000d\000i\000n\000g\000\040\000t\000h\000e\000\040\000C\000o\000r\000e\000\040\000o\000f\000\040\000Z\000i\000r\000o}{section.4}% 13
\BOOKMARK [2][-]{subsection.4.2}{\376\377\000C\000r\000e\000a\000t\000i\000n\000g\000\040\000g\000r\000a\000y\000!\0002\0000\000z\000i\000r\000o\000/\000r\000o\000u\000t\000e\000r}{section.4}% 14
\BOOKMARK [2][-]{subsection.4.3}{\376\377\000U\000s\000i\000n\000g\000\040\000T\000e\000s\000t\000-\000D\000r\000i\000v\000e\000n\000\040\000D\000e\000v\000e\000l\000o\000p\000m\000e\000n\000t}{section.4}% 15
\BOOKMARK [2][-]{subsection.4.4}{\376\377\000M\000o\000v\000i\000n\000g\000\040\000t\000o\000\040\000g\000r\000a\000y\000!\0002\0000\000z\000i\000r\000o\000/\000r\000e\000a\000c\000t}{section.4}% 16
\BOOKMARK [2][-]{subsection.4.5}{\376\377\000W\000o\000r\000k\000f\000l\000o\000w\000\040\000f\000o\000r\000\040\000D\000e\000v\000e\000l\000o\000p\000m\000e\000n\000t}{section.4}% 17
\BOOKMARK [2][-]{subsection.4.6}{\376\377\000I\000m\000p\000r\000o\000v\000i\000n\000g\000\040\000T\000y\000p\000e\000\040\000S\000a\000f\000e\000t\000y\000\040\000w\000i\000t\000h\000\040\000T\000y\000p\000e\000S\000c\000r\000i\000p\000t}{section.4}% 18
\BOOKMARK [2][-]{subsection.4.7}{\376\377\000A\000d\000d\000i\000n\000g\000\040\000S\000e\000r\000v\000e\000r\000-\000S\000i\000d\000e\000\040\000C\000o\000m\000p\000a\000t\000i\000b\000i\000l\000i\000t\000y}{section.4}% 19
\BOOKMARK [2][-]{subsection.4.8}{\376\377\000I\000m\000p\000r\000o\000v\000i\000n\000g\000\040\000a\000n\000d\000\040\000R\000e\000f\000i\000n\000i\000n\000g\000\040\000t\000h\000e\000\040\000F\000r\000a\000m\000e\000w\000o\000r\000k}{section.4}% 20
\BOOKMARK [2][-]{subsection.4.9}{\376\377\000R\000e\000s\000u\000l\000t\000s\000\040\000o\000f\000\040\000t\000h\000e\000\040\000D\000e\000v\000e\000l\000o\000p\000m\000e\000n\000t\000\040\000P\000r\000o\000c\000e\000s\000s}{section.4}% 21
\BOOKMARK [1][-]{section.5}{\376\377\000T\000h\000e\000s\000e\000s}{}% 22
\BOOKMARK [2][-]{subsection.5.1}{\376\377\000T\000h\000e\000\040\000P\000r\000o\000b\000l\000e\000m\000:\000\040\000R\000e\000p\000e\000t\000i\000t\000i\000v\000e\000\040\000a\000n\000d\000\040\000T\000i\000m\000e\000-\000C\000o\000n\000s\000u\000m\000i\000n\000g\000\040\000T\000a\000s\000k\000s}{section.5}% 23
\BOOKMARK [2][-]{subsection.5.2}{\376\377\000M\000o\000d\000u\000l\000a\000r\000i\000t\000y\000\040\000a\000n\000d\000\040\000P\000l\000u\000g\000i\000n\000-\000D\000r\000i\000v\000e\000n\000\040\000D\000e\000s\000i\000g\000n}{section.5}% 24
\BOOKMARK [2][-]{subsection.5.3}{\376\377\000A\000d\000d\000r\000e\000s\000s\000i\000n\000g\000\040\000T\000o\000d\000a\000y\040\031\000s\000\040\000W\000e\000b\000\040\000D\000e\000v\000e\000l\000o\000p\000m\000e\000n\000t\000\040\000N\000e\000e\000d\000s}{section.5}% 25
\BOOKMARK [2][-]{subsection.5.4}{\376\377\000Z\000i\000r\000o\040\031\000s\000\040\000C\000o\000n\000t\000r\000i\000b\000u\000t\000i\000o\000n\000\040\000t\000o\000\040\000W\000e\000b\000\040\000D\000e\000v\000e\000l\000o\000p\000m\000e\000n\000t}{section.5}% 26
\BOOKMARK [1][-]{section.6}{\376\377\000T\000e\000c\000h\000n\000i\000c\000a\000l\000\040\000S\000p\000e\000c\000i\000f\000i\000c\000a\000t\000i\000o\000n\000s}{}% 27
\BOOKMARK [2][-]{subsection.6.1}{\376\377\000U\000n\000d\000e\000r\000s\000t\000a\000n\000d\000i\000n\000g\000\040\000t\000h\000e\000\040\000R\000o\000u\000t\000e\000r\000\040\000a\000n\000d\000\040\000R\000o\000u\000t\000e\000\040\000S\000t\000r\000u\000c\000t\000u\000r\000e}{section.6}% 28
\BOOKMARK [3][-]{subsubsection.6.1.1}{\376\377\000O\000v\000e\000r\000v\000i\000e\000w\000\040\000o\000f\000\040\000t\000h\000e\000\040\000R\000o\000u\000t\000e\000r\000'\000s\000\040\000R\000o\000l\000e\000\040\000a\000n\000d\000\040\000S\000t\000r\000u\000c\000t\000u\000r\000e}{subsection.6.1}% 29
\BOOKMARK [3][-]{subsubsection.6.1.2}{\376\377\000W\000h\000a\000t\000\040\000i\000s\000\040\000a\000\040\000R\000a\000d\000i\000x\000\040\000T\000r\000e\000e\000?}{subsection.6.1}% 30
\BOOKMARK [3][-]{subsubsection.6.1.3}{\376\377\000M\000a\000i\000n\000\040\000P\000r\000o\000p\000e\000r\000t\000i\000e\000s\000\040\000o\000f\000\040\000a\000\040\000R\000o\000u\000t\000e}{subsection.6.1}% 31
\BOOKMARK [3][-]{subsubsection.6.1.4}{\376\377\000P\000a\000r\000e\000n\000t\000-\000C\000h\000i\000l\000d\000\040\000R\000o\000u\000t\000e\000\040\000R\000e\000l\000a\000t\000i\000o\000n\000s\000h\000i\000p\000s}{subsection.6.1}% 32
\BOOKMARK [3][-]{subsubsection.6.1.5}{\376\377\000E\000x\000a\000m\000p\000l\000e\000\040\000o\000f\000\040\000a\000\040\000B\000a\000s\000i\000c\000\040\000R\000o\000u\000t\000e\000r\000\040\000a\000n\000d\000\040\000R\000o\000u\000t\000e\000\040\000D\000e\000f\000i\000n\000i\000t\000i\000o\000n}{subsection.6.1}% 33
\BOOKMARK [3][-]{subsubsection.6.1.6}{\376\377\000H\000o\000w\000\040\000t\000h\000e\000\040\000R\000o\000u\000t\000e\000r\000\040\000H\000a\000n\000d\000l\000e\000s\000\040\000R\000e\000q\000u\000e\000s\000t\000s}{subsection.6.1}% 34
\BOOKMARK [3][-]{subsubsection.6.1.7}{\376\377\000W\000e\000b\000\040\000s\000t\000a\000n\000d\000a\000r\000d\000s}{subsection.6.1}% 35
\BOOKMARK [3][-]{subsubsection.6.1.8}{\376\377\000L\000o\000a\000d\000e\000r\000s}{subsection.6.1}% 36
\BOOKMARK [3][-]{subsubsection.6.1.9}{\376\377\000M\000i\000d\000d\000l\000e\000w\000a\000r\000e\000s}{subsection.6.1}% 37
\BOOKMARK [3][-]{subsubsection.6.1.10}{\376\377\000A\000c\000t\000i\000o\000n\000s}{subsection.6.1}% 38
\BOOKMARK [3][-]{subsubsection.6.1.11}{\376\377\000M\000e\000t\000a\000\040\000F\000u\000n\000c\000t\000i\000o\000n\000s}{subsection.6.1}% 39
\BOOKMARK [3][-]{subsubsection.6.1.12}{\376\377\000T\000r\000a\000n\000s\000i\000t\000i\000o\000n\000i\000n\000g\000\040\000t\000o\000\040\000F\000r\000a\000m\000e\000w\000o\000r\000k\000\040\000D\000e\000v\000e\000l\000o\000p\000m\000e\000n\000t}{subsection.6.1}% 40
\BOOKMARK [2][-]{subsection.6.2}{\376\377\000V\000i\000t\000e\000\040\000O\000v\000e\000r\000v\000i\000e\000w}{section.6}% 41
\BOOKMARK [2][-]{subsection.6.3}{\376\377\000V\000i\000t\000e\000\040\000P\000l\000u\000g\000i\000n\000s\000\040\000a\000n\000d\000\040\000T\000h\000e\000i\000r\000\040\000R\000o\000l\000e\000\040\000i\000n\000\040\000Z\000i\000r\000o}{section.6}% 42
\BOOKMARK [3][-]{subsubsection.6.3.1}{\376\377\000H\000o\000w\000\040\000V\000i\000t\000e\000\040\000P\000l\000u\000g\000i\000n\000s\000\040\000W\000o\000r\000k}{subsection.6.3}% 43
\BOOKMARK [3][-]{subsubsection.6.3.2}{\376\377\000F\000i\000l\000e\000\040\000W\000a\000t\000c\000h\000i\000n\000g\000\040\000a\000n\000d\000\040\000R\000o\000u\000t\000e\000\040\000D\000e\000t\000e\000c\000t\000i\000o\000n}{subsection.6.3}% 44
\BOOKMARK [3][-]{subsubsection.6.3.3}{\376\377\000G\000e\000n\000e\000r\000a\000t\000i\000n\000g\000\040\000R\000o\000u\000t\000e\000-\000R\000e\000l\000a\000t\000e\000d\000\040\000F\000i\000l\000e\000s}{subsection.6.3}% 45
\BOOKMARK [3][-]{subsubsection.6.3.4}{\376\377\000B\000e\000n\000e\000f\000i\000t\000s\000\040\000o\000f\000\040\000V\000i\000t\000e\000\040\000P\000l\000u\000g\000i\000n\000s\000\040\000i\000n\000\040\000Z\000i\000r\000o}{subsection.6.3}% 46
\BOOKMARK [2][-]{subsection.6.4}{\376\377\000M\000a\000n\000i\000f\000e\000s\000t\000\040\000G\000e\000n\000e\000r\000a\000t\000i\000o\000n}{section.6}% 47
\BOOKMARK [3][-]{subsubsection.6.4.1}{\376\377\000W\000h\000y\000\040\000a\000\040\000M\000a\000n\000i\000f\000e\000s\000t\000\040\000i\000s\000\040\000N\000e\000c\000e\000s\000s\000a\000r\000y}{subsection.6.4}% 48
\BOOKMARK [3][-]{subsubsection.6.4.2}{\376\377\000S\000t\000r\000u\000c\000t\000u\000r\000e\000\040\000o\000f\000\040\000t\000h\000e\000\040\000M\000a\000n\000i\000f\000e\000s\000t}{subsection.6.4}% 49
\BOOKMARK [3][-]{subsubsection.6.4.3}{\376\377\000C\000o\000m\000p\000o\000n\000e\000n\000t\000s\000\040\000o\000f\000\040\000t\000h\000e\000\040\000M\000a\000n\000i\000f\000e\000s\000t}{subsection.6.4}% 50
\BOOKMARK [3][-]{subsubsection.6.4.4}{\376\377\000H\000o\000w\000\040\000t\000h\000e\000\040\000M\000a\000n\000i\000f\000e\000s\000t\000\040\000i\000s\000\040\000G\000e\000n\000e\000r\000a\000t\000e\000d}{subsection.6.4}% 51
\BOOKMARK [3][-]{subsubsection.6.4.5}{\376\377\000O\000u\000t\000p\000u\000t\000\040\000o\000f\000\040\000M\000a\000n\000i\000f\000e\000s\000t\000\040\000G\000e\000n\000e\000r\000a\000t\000i\000o\000n}{subsection.6.4}% 52
\BOOKMARK [3][-]{subsubsection.6.4.6}{\376\377\000W\000h\000y\000\040\000T\000h\000i\000s\000\040\000A\000p\000p\000r\000o\000a\000c\000h\000\040\000W\000o\000r\000k\000s}{subsection.6.4}% 53
\BOOKMARK [3][-]{subsubsection.6.4.7}{\376\377\000E\000x\000a\000m\000p\000l\000e\000\040\000o\000f\000\040\000a\000\040\000r\000o\000u\000t\000e\000\040\000s\000e\000r\000v\000e\000s\000\040\000a\000t\000\040\000g\000r\000a\000y\000!\0002\0000\000/}{subsection.6.4}% 54
\BOOKMARK [2][-]{subsection.6.5}{\376\377\000R\000o\000u\000t\000e\000r\000\040\000G\000e\000n\000e\000r\000a\000t\000i\000o\000n}{section.6}% 55
\BOOKMARK [3][-]{subsubsection.6.5.1}{\376\377\000C\000l\000i\000e\000n\000t\000-\000S\000i\000d\000e\000\040\000R\000o\000u\000t\000e\000r\000\040\000\050\000g\000r\000a\000y\000!\0002\0000\000r\000o\000u\000t\000e\000r\000.\000c\000l\000i\000e\000n\000t\000.\000t\000s\000\051}{subsection.6.5}% 56
\BOOKMARK [3][-]{subsubsection.6.5.2}{\376\377\000S\000e\000r\000v\000e\000r\000-\000S\000i\000d\000e\000\040\000R\000o\000u\000t\000e\000r\000\040\000\050\000g\000r\000a\000y\000!\0002\0000\000r\000o\000u\000t\000e\000r\000.\000s\000e\000r\000v\000e\000r\000.\000t\000s\000\051}{subsection.6.5}% 57
\BOOKMARK [3][-]{subsubsection.6.5.3}{\376\377\000W\000h\000y\000\040\000T\000w\000o\000\040\000S\000e\000p\000a\000r\000a\000t\000e\000\040\000R\000o\000u\000t\000e\000r\000\040\000F\000i\000l\000e\000s\000?}{subsection.6.5}% 58
\BOOKMARK [2][-]{subsection.6.6}{\376\377\000T\000y\000p\000e\000S\000c\000r\000i\000p\000t\000\040\000I\000n\000t\000e\000g\000r\000a\000t\000i\000o\000n}{section.6}% 59
\BOOKMARK [2][-]{subsection.6.7}{\376\377\000Z\000i\000r\000o\000\040\000P\000l\000u\000g\000i\000n\000s}{section.6}% 60
\BOOKMARK [3][-]{subsubsection.6.7.1}{\376\377\000H\000o\000w\000\040\000Z\000i\000r\000o\000\040\000P\000l\000u\000g\000i\000n\000s\000\040\000W\000o\000r\000k}{subsection.6.7}% 61
\BOOKMARK [3][-]{subsubsection.6.7.2}{\376\377\000S\000i\000m\000p\000l\000i\000f\000i\000e\000d\000\040\000E\000x\000a\000m\000p\000l\000e\000\040\000o\000f\000\040\000a\000\040\000Z\000i\000r\000o\000\040\000P\000l\000u\000g\000i\000n}{subsection.6.7}% 62
\BOOKMARK [3][-]{subsubsection.6.7.3}{\376\377\000K\000e\000y\000\040\000C\000o\000m\000p\000o\000n\000e\000n\000t\000s\000\040\000o\000f\000\040\000t\000h\000e\000\040\000P\000l\000u\000g\000i\000n}{subsection.6.7}% 63
\BOOKMARK [3][-]{subsubsection.6.7.4}{\376\377\000H\000o\000w\000\040\000P\000l\000u\000g\000i\000n\000s\000\040\000M\000o\000d\000i\000f\000y\000\040\000t\000h\000e\000\040\000M\000a\000n\000i\000f\000e\000s\000t}{subsection.6.7}% 64
\BOOKMARK [2][-]{subsection.6.8}{\376\377\000R\000e\000q\000u\000e\000s\000t\000\040\000H\000a\000n\000d\000l\000i\000n\000g\000\040\000o\000n\000\040\000t\000h\000e\000\040\000S\000e\000r\000v\000e\000r}{section.6}% 65
\BOOKMARK [3][-]{subsubsection.6.8.1}{\376\377\000S\000S\000R\000\040\000A\000c\000t\000i\000v\000a\000t\000i\000o\000n\000\040\000a\000n\000d\000\040\000R\000o\000u\000t\000e\000r\000\040\000L\000o\000a\000d\000i\000n\000g}{subsection.6.8}% 66
\BOOKMARK [3][-]{subsubsection.6.8.2}{\376\377\000H\000a\000n\000d\000l\000i\000n\000g\000\040\000S\000S\000R\000\040\000a\000n\000d\000\040\000P\000a\000r\000t\000i\000a\000l\000l\000y\000-\000S\000S\000R\000\040\000M\000o\000d\000e\000s}{subsection.6.8}% 67
\BOOKMARK [3][-]{subsubsection.6.8.3}{\376\377\000I\000n\000t\000e\000g\000r\000a\000t\000i\000o\000n\000\040\000w\000i\000t\000h\000\040\000t\000h\000e\000\040\000W\000e\000b\000\040\000S\000e\000r\000v\000e\000r}{subsection.6.8}% 68
\BOOKMARK [3][-]{subsubsection.6.8.4}{\376\377\000W\000h\000y\000\040\000H\0003\000\040\000a\000s\000\040\000t\000h\000e\000\040\000W\000e\000b\000\040\000S\000e\000r\000v\000e\000r\000?}{subsection.6.8}% 69
\BOOKMARK [2][-]{subsection.6.9}{\376\377\000R\000e\000a\000c\000t\000\040\000i\000n\000t\000e\000g\000r\000a\000t\000i\000o\000n\000s}{section.6}% 70
\BOOKMARK [3][-]{subsubsection.6.9.1}{\376\377\000S\000e\000t\000t\000i\000n\000g\000\040\000U\000p\000\040\000R\000e\000a\000c\000t\000\040\000I\000n\000t\000e\000g\000r\000a\000t\000i\000o\000n}{subsection.6.9}% 71
\BOOKMARK [3][-]{subsubsection.6.9.2}{\376\377\000K\000e\000y\000\040\000U\000t\000i\000l\000i\000t\000i\000e\000s\000\040\000f\000o\000r\000\040\000R\000e\000a\000c\000t\000\040\000I\000n\000t\000e\000g\000r\000a\000t\000i\000o\000n}{subsection.6.9}% 72
\BOOKMARK [2][-]{subsection.6.10}{\376\377\000C\000l\000i\000e\000n\000t\000-\000O\000n\000l\000y\000\040\000S\000e\000r\000v\000e\000r\000-\000O\000n\000l\000y\000\040\000T\000r\000a\000n\000s\000f\000o\000r\000m\000a\000t\000i\000o\000n}{section.6}% 73
\BOOKMARK [3][-]{subsubsection.6.10.1}{\376\377\000C\000a\000c\000h\000i\000n\000g\000,\000\040\000t\000h\000e\000\040\000S\000h\000a\000r\000e\000d\000\040\000L\000a\000y\000e\000r\000\040\000B\000e\000t\000w\000e\000e\000n\000\040\000S\000e\000r\000v\000e\000r\000\040\000a\000n\000d\000\040\000C\000l\000i\000e\000n\000t}{subsection.6.10}% 74
\BOOKMARK [2][-]{subsection.6.11}{\376\377\000H\000o\000w\000\040\000t\000o\000\040\000s\000e\000t\000u\000p\000\040\000a\000\040\000p\000r\000o\000j\000e\000c\000t\000\040\000u\000s\000i\000n\000g\000\040\000Z\000i\000r\000o}{section.6}% 75
\BOOKMARK [1][-]{section.7}{\376\377\000R\000e\000s\000u\000l\000t\000s}{}% 76
\BOOKMARK [1][-]{section.8}{\376\377\000F\000u\000t\000u\000r\000e\000\040\000W\000o\000r\000k\000s}{}% 77
\BOOKMARK [1][-]{section.9}{\376\377\000A\000c\000k\000n\000o\000w\000l\000e\000d\000g\000e\000m\000e\000n\000t\000s}{}% 78
